build/app/outputs/mapping/release/seeds.txt
com.example.cv_send.MainActivity
com.example.cv_send.MainActivity: MainActivity()
...
androidx.window.layout.WindowInfoTrackerImpl$windowLayoutInfo$1: java.lang.Object invoke(kotlinx.coroutines.flow.FlowCollector,kotlin.coroutines.Continuation)
androidx.window.embedding.SplitController$Companion: androidx.window.embedding.SplitController getInstance()
androidx.window.layout.WindowInfoTrackerImpl$windowLayoutInfo$1: void invokeSuspend$lambda-0(kotlinx.coroutines.channels.Channel,androidx.window.layout.WindowLayoutInfo)
androidx.core.view.WindowInsetsCompat$Impl20: boolean equals(java.lang.Object)
io.flutter.view.TextureRegistry$SurfaceTextureEntry: void setOnTrimMemoryListener(io.flutter.view.TextureRegistry$OnTrimMemoryListener)
androidx.window.embedding.SplitController: void initialize(android.content.Context,int)
io.flutter.embedding.android.FlutterActivity: FlutterActivity()
io.flutter.embedding.engine.FlutterJNI: void nativeUpdateJavaAssetManager(long,android.content.res.AssetManager,java.lang.String)
io.flutter.view.AccessibilityBridge$StringAttribute: AccessibilityBridge$StringAttribute()
io.flutter.embedding.engine.renderer.FlutterRenderer$ImageTextureRegistryEntry: android.media.Image acquireLatestImage()
androidx.core.view.ViewCompat$Api16Impl: void setHasTransientState(android.view.View,boolean)
androidx.window.layout.HardwareFoldingFeature$Companion: HardwareFoldingFeature$Companion(kotlin.jvm.internal.DefaultConstructorMarker)
androidx.window.embedding.SplitInfo: androidx.window.embedding.ActivityStack getPrimaryActivityStack()
io.flutter.embedding.android.FlutterImageView: android.media.ImageReader getImageReader()
androidx.core.app.AppOpsManagerCompat$Api29Impl: int checkOpNoThrow(android.app.AppOpsManager,java.lang.String,int,java.lang.String)
androidx.window.layout.WindowMetricsCalculator$Companion$reset$1: java.lang.Object invoke(java.lang.Object)
androidx.core.view.WindowInsetsCompat$Impl: androidx.core.graphics.Insets getStableInsets()
io.flutter.embedding.engine.mutatorsstack.FlutterMutatorsStack: void pushClipRect(int,int,int,int)
androidx.core.view.ViewCompat$Api28Impl: boolean isScreenReaderFocusable(android.view.View)
androidx.core.view.ViewCompat$Api16Impl: void postOnAnimation(android.view.View,java.lang.Runnable)
androidx.core.view.WindowInsetsCompat$Impl28: androidx.core.view.WindowInsetsCompat consumeDisplayCutout()
androidx.window.java.layout.WindowInfoTrackerCallbackAdapter$addListener$1$1$invokeSuspend$$inlined$collect$1: WindowInfoTrackerCallbackAdapter$addListener$1$1$invokeSuspend$$inlined$collect$1(androidx.core.util.Consumer)
androidx.lifecycle.Lifecycle$Event: androidx.lifecycle.Lifecycle$Event[] values()
io.flutter.embedding.engine.FlutterJNI: boolean getIsSoftwareRenderingEnabled()
androidx.window.core.Bounds: boolean isZero()
androidx.window.embedding.SplitPlaceholderRule: SplitPlaceholderRule(java.util.Set,android.content.Intent,int,int,float,int)
io.flutter.embedding.engine.FlutterJNI: java.lang.String[] computePlatformResolvedLocale(java.lang.String[])
androidx.core.view.WindowInsetsCompat$Impl20: void setOverriddenInsets(androidx.core.graphics.Insets[])
androidx.core.view.WindowInsetsCompat$Impl30: WindowInsetsCompat$Impl30(androidx.core.view.WindowInsetsCompat,androidx.core.view.WindowInsetsCompat$Impl30)
androidx.core.view.WindowInsetsCompat$BuilderImpl: void setMandatorySystemGestureInsets(androidx.core.graphics.Insets)
androidx.window.layout.FoldingFeature$State$Companion: FoldingFeature$State$Companion(kotlin.jvm.internal.DefaultConstructorMarker)
io.flutter.view.TextureRegistry$SurfaceProducer: android.view.Surface getSurface()
androidx.window.embedding.ExtensionEmbeddingBackend: ExtensionEmbeddingBackend(androidx.window.embedding.EmbeddingInterfaceCompat)
io.flutter.embedding.engine.FlutterJNI: void dispatchSemanticsAction(int,io.flutter.view.AccessibilityBridge$Action,java.lang.Object)
androidx.window.embedding.ActivityFilter: android.content.ComponentName getComponentName()