build/app/outputs/mapping/release/mapping.txt
# compiler: R8
# compiler_version: 3.3.70
# min_api: 19
# common_typos_disable
# {"id":"com.android.tools.r8.mapping","version":"2.0"}
# pg_map_id: 3879e11
# pg_map_hash: SHA-256 3879e11a75fb797c7764344caa39cc2fef9823b988a989d5182e887bfd31cd1e
...
io.flutter.plugin.platform.PlatformViewsController$$ExternalSyntheticLambda1 -> io.flutter.plugin.platform.t:
# {"id":"sourceFile","fileName":"R8$$SyntheticClass"}
# {"id":"com.android.tools.r8.synthesized"}
    io.flutter.plugin.platform.PlatformViewsController io.flutter.plugin.platform.PlatformViewsController$$InternalSyntheticLambda$1$c2433f7ec18a30d7a6689997dabdea3449704686993ef34df7a45e332a8d08e1$0.f$0 -> d
    void io.flutter.plugin.platform.PlatformViewsController$$InternalSyntheticLambda$1$c2433f7ec18a30d7a6689997dabdea3449704686993ef34df7a45e332a8d08e1$0.<init>(io.flutter.plugin.platform.PlatformViewsController) -> <init>
      # {"id":"com.android.tools.r8.synthesized"}
    void io.flutter.plugin.platform.PlatformViewsController$$InternalSyntheticLambda$1$c2433f7ec18a30d7a6689997dabdea3449704686993ef34df7a45e332a8d08e1$0.run() -> run
      # {"id":"com.android.tools.r8.synthesized"}
io.flutter.plugin.platform.PlatformViewsController$$ExternalSyntheticLambda2 -> io.flutter.plugin.platform.u:
# {"id":"sourceFile","fileName":"R8$$SyntheticClass"}
# {"id":"com.android.tools.r8.synthesized"}
    io.flutter.embedding.engine.systemchannels.PlatformViewsChannel$PlatformViewCreationRequest io.flutter.plugin.platform.PlatformViewsController$$InternalSyntheticLambda$2$40f12bf135875589f11d2dc204a96eb0bf980a594064d7162cded9fe23a81c59$0.f$1 -> b
    io.flutter.plugin.platform.PlatformViewsController io.flutter.plugin.platform.PlatformViewsController$$InternalSyntheticLambda$2$40f12bf135875589f11d2dc204a96eb0bf980a594064d7162cded9fe23a81c59$0.f$0 -> a
    void io.flutter.plugin.platform.PlatformViewsController$$InternalSyntheticLambda$2$40f12bf135875589f11d2dc204a96eb0bf980a594064d7162cded9fe23a81c59$0.<init>(io.flutter.plugin.platform.PlatformViewsController,io.flutter.embedding.engine.systemchannels.PlatformViewsChannel$PlatformViewCreationRequest) -> <init>
      # {"id":"com.android.tools.r8.synthesized"}
    void io.flutter.plugin.platform.PlatformViewsController$$InternalSyntheticLambda$2$40f12bf135875589f11d2dc204a96eb0bf980a594064d7162cded9fe23a81c59$0.onFocusChange(android.view.View,boolean) -> onFocusChange
      # {"id":"com.android.tools.r8.synthesized"}
io.flutter.plugin.platform.PlatformViewsController$$ExternalSyntheticLambda3 -> io.flutter.plugin.platform.v:
# {"id":"sourceFile","fileName":"R8$$SyntheticClass"}
# {"id":"com.android.tools.r8.synthesized"}
    io.flutter.embedding.engine.systemchannels.PlatformViewsChannel$PlatformViewCreationRequest io.flutter.plugin.platform.PlatformViewsController$$InternalSyntheticLambda$2$dd9b2ae06a1fd59d781c6824e2c434c35f5086abb4b7038a54c79c15235eb2ed$0.f$1 -> b
    io.flutter.plugin.platform.PlatformViewsController io.flutter.plugin.platform.PlatformViewsController$$InternalSyntheticLambda$2$dd9b2ae06a1fd59d781c6824e2c434c35f5086abb4b7038a54c79c15235eb2ed$0.f$0 -> a
    void io.flutter.plugin.platform.PlatformViewsController$$InternalSyntheticLambda$2$dd9b2ae06a1fd59d781c6824e2c434c35f5086abb4b7038a54c79c15235eb2ed$0.<init>(io.flutter.plugin.platform.PlatformViewsController,io.flutter.embedding.engine.systemchannels.PlatformViewsChannel$PlatformViewCreationRequest) -> <init>
      # {"id":"com.android.tools.r8.synthesized"}
    void io.flutter.plugin.platform.PlatformViewsController$$InternalSyntheticLambda$2$dd9b2ae06a1fd59d781c6824e2c434c35f5086abb4b7038a54c79c15235eb2ed$0.onFocusChange(android.view.View,boolean) -> onFocusChange
      # {"id":"com.android.tools.r8.synthesized"}