build/app/outputs/mapping/release/usage.txt
com.example.cv_send.BuildConfig
com.example.cv_send.R$attr
com.example.cv_send.R$color
com.example.cv_send.R$dimen
com.example.cv_send.R$drawable
com.example.cv_send.R$id
com.example.cv_send.R$integer
com.example.cv_send.R$layout
com.example.cv_send.R$mipmap
com.example.cv_send.R$string
com.example.cv_send.R$style
com.example.cv_send.R$styleable
com.example.cv_send.R$xml
com.example.cv_send.R
...
androidx.core.R$drawable
androidx.core.R$id:
    public static final int accessibility_action_clickable_span
    public static final int action_container
    public static final int action_divider
    public static final int action_image
    public static final int action_text
    public static final int actions
    public static final int async
    public static final int blocking
    public static final int chronometer
    public static final int dialog_button
    public static final int forever
    public static final int icon
    public static final int icon_group
    public static final int info
    public static final int italic
    public static final int line1
    public static final int line3
    public static final int normal
    public static final int notification_background
    public static final int notification_main_column
    public static final int notification_main_column_container
    public static final int right_icon
    public static final int right_side
    public static final int tag_accessibility_actions
    public static final int tag_accessibility_clickable_spans
    public static final int tag_accessibility_heading
    public static final int tag_on_receive_content_listener
    public static final int tag_on_receive_content_mime_types
    public static final int tag_screen_reader_focusable
    public static final int tag_state_description
    public static final int tag_transition_group
    public static final int tag_unhandled_key_event_manager
androidx.core.R$integer
androidx.core.R$layout
androidx.core.R$string
androidx.core.R$style
androidx.core.R$styleable
androidx.core.R
androidx.core.accessibilityservice.AccessibilityServiceInfoCompat
androidx.core.app.ActivityCompat$1
androidx.core.app.ActivityCompat$Api16Impl
androidx.core.app.ActivityCompat$Api21Impl
androidx.core.app.ActivityCompat$Api22Impl
androidx.core.app.ActivityCompat$Api23Impl
androidx.core.app.ActivityCompat$Api28Impl
androidx.core.app.ActivityCompat$Api30Impl
androidx.core.app.ActivityCompat$Api31Impl
androidx.core.app.ActivityCompat$Api32Impl
androidx.core.app.ActivityCompat$OnRequestPermissionsResultCallback
androidx.core.app.ActivityCompat$PermissionCompatDelegate
androidx.core.app.ActivityCompat$RequestPermissionsRequestCodeValidator
androidx.core.app.ActivityCompat$SharedElementCallback21Impl
androidx.core.app.ActivityCompat
androidx.core.app.ActivityManagerCompat
androidx.core.app.ActivityOptionsCompat$ActivityOptionsCompatImpl
androidx.core.app.ActivityOptionsCompat$Api16Impl
androidx.core.app.ActivityOptionsCompat$Api21Impl
androidx.core.app.ActivityOptionsCompat$Api23Impl
androidx.core.app.ActivityOptionsCompat$Api24Impl
androidx.core.app.ActivityOptionsCompat
androidx.core.app.ActivityRecreator$1
androidx.core.app.ActivityRecreator$2
androidx.core.app.ActivityRecreator$3
androidx.core.app.ActivityRecreator$LifecycleCheckCallbacks
androidx.core.app.ActivityRecreator
androidx.core.app.AlarmManagerCompat$Api19Impl
androidx.core.app.AlarmManagerCompat$Api21Impl
androidx.core.app.AlarmManagerCompat$Api23Impl
androidx.core.app.AlarmManagerCompat
androidx.core.app.AppComponentFactory
androidx.core.app.AppLaunchChecker
androidx.core.app.AppOpsManagerCompat$Api19Impl
androidx.core.app.AppOpsManagerCompat$Api23Impl:
    private void <init>()
androidx.core.app.AppOpsManagerCompat$Api29Impl:
    private void <init>()
androidx.core.app.AppOpsManagerCompat:
    public static final int MODE_ALLOWED
    public static final int MODE_DEFAULT
    public static final int MODE_ERRORED
    public static final int MODE_IGNORED
    private void <init>()
    public static int noteOp(android.content.Context,java.lang.String,int,java.lang.String)
    public static int noteOpNoThrow(android.content.Context,java.lang.String,int,java.lang.String)
    public static int noteProxyOp(android.content.Context,java.lang.String,java.lang.String)
androidx.core.app.BundleCompat$Api18Impl:
    private void <init>()